10:03:27 INFO  : Registering command handlers for SDK TCF services
10:03:27 INFO  : Launching XSCT server: xsct.bat -interactive C:\Users\kmd17\Documents\GitHub\Embedded_Systems_lab3_CustomIP\SDK_workfolder\temp_xsdb_launch_script.tcl
10:03:30 INFO  : XSCT server has started successfully.
10:03:33 INFO  : Successfully done setting XSCT server connection channel  
10:03:33 INFO  : Successfully done setting SDK workspace  
10:07:27 INFO  : Project 'Cortex_A9_wrapper_hw_platform_0' created. You can now create BSPs and application projects targeting this hardware platform.
10:15:45 INFO  : Connected to target on host '127.0.0.1' and port '3121'.
10:15:47 INFO  : 'targets -set -filter {jtag_cable_name =~ "Digilent Zed 210248650939" && level==0} -index 1' command is executed.
10:15:50 INFO  : FPGA configured successfully with bitstream "C:/Users/kmd17/Documents/GitHub/Embedded_Systems_lab3_CustomIP/SDK_workfolder/Cortex_A9_wrapper_hw_platform_0/Cortex_A9_wrapper.bit"
10:17:27 INFO  : 'targets -set -filter {jtag_cable_name =~ "Digilent Zed 210248650939" && level==0} -index 1' command is executed.
10:17:27 INFO  : 'fpga -state' command is executed.
10:17:27 INFO  : Connected to target on host '127.0.0.1' and port '3121'.
10:17:30 INFO  : Jtag cable 'Digilent Zed 210248650939' is selected.
10:17:32 INFO  : 'jtag frequency' command is executed.
10:17:32 INFO  : Sourcing of 'C:/Users/kmd17/Documents/GitHub/Embedded_Systems_lab3_CustomIP/SDK_workfolder/Cortex_A9_wrapper_hw_platform_0/ps7_init.tcl' is done.
10:17:33 INFO  : Context for 'APU' is selected.
10:17:34 INFO  : Hardware design information is loaded from 'C:/Users/kmd17/Documents/GitHub/Embedded_Systems_lab3_CustomIP/SDK_workfolder/Cortex_A9_wrapper_hw_platform_0/system.hdf'.
10:17:34 INFO  : Context for 'APU' is selected.
10:17:38 INFO  : 'stop' command is executed.
10:18:17 INFO  : 'ps7_init' command is executed.
10:18:17 INFO  : 'ps7_post_config' command is executed.
10:18:17 INFO  : Context for processor 'ps7_cortexa9_0' is selected.
10:18:18 INFO  : Processor reset is completed for 'ps7_cortexa9_0'.
10:18:18 INFO  : Context for processor 'ps7_cortexa9_0' is selected.
10:18:19 INFO  : The application 'C:/Users/kmd17/Documents/GitHub/Embedded_Systems_lab3_CustomIP/SDK_workfolder/lab3_Custom_Ip/Debug/lab3_Custom_Ip.elf' is downloaded to processor 'ps7_cortexa9_0'.
10:18:19 INFO  : ----------------XSDB Script----------------
connect -url tcp:127.0.0.1:3121
source C:/Users/kmd17/Documents/GitHub/Embedded_Systems_lab3_CustomIP/SDK_workfolder/Cortex_A9_wrapper_hw_platform_0/ps7_init.tcl
targets -set -nocase -filter {name =~"APU*" && jtag_cable_name =~ "Digilent Zed 210248650939"} -index 0
loadhw C:/Users/kmd17/Documents/GitHub/Embedded_Systems_lab3_CustomIP/SDK_workfolder/Cortex_A9_wrapper_hw_platform_0/system.hdf
targets -set -nocase -filter {name =~"APU*" && jtag_cable_name =~ "Digilent Zed 210248650939"} -index 0
stop
ps7_init
ps7_post_config
targets -set -nocase -filter {name =~ "ARM*#0" && jtag_cable_name =~ "Digilent Zed 210248650939"} -index 0
rst -processor
targets -set -nocase -filter {name =~ "ARM*#0" && jtag_cable_name =~ "Digilent Zed 210248650939"} -index 0
dow C:/Users/kmd17/Documents/GitHub/Embedded_Systems_lab3_CustomIP/SDK_workfolder/lab3_Custom_Ip/Debug/lab3_Custom_Ip.elf
----------------End of Script----------------

10:18:20 INFO  : Memory regions updated for context APU
10:18:21 INFO  : Context for processor 'ps7_cortexa9_0' is selected.
10:18:21 INFO  : 'con' command is executed.
10:18:21 INFO  : ----------------XSDB Script (After Launch)----------------
targets -set -nocase -filter {name =~ "ARM*#0" && jtag_cable_name =~ "Digilent Zed 210248650939"} -index 0
con
----------------End of Script----------------

10:18:21 INFO  : Launch script is exported to file 'C:\Users\kmd17\Documents\GitHub\Embedded_Systems_lab3_CustomIP\SDK_workfolder\.sdk\launch_scripts\xilinx_c-c++_application_(system_debugger)\system_debugger_using_debug_lab3_custom_ip.elf_on_local.tcl'
10:21:06 INFO  : Disconnected from the channel tcfchan#1.
10:21:12 INFO  : 'targets -set -filter {jtag_cable_name =~ "Digilent Zed 210248650939" && level==0} -index 1' command is executed.
10:21:15 INFO  : 'fpga -state' command is executed.
10:21:15 INFO  : Connected to target on host '127.0.0.1' and port '3121'.
10:21:17 INFO  : Jtag cable 'Digilent Zed 210248650939' is selected.
10:21:17 INFO  : 'jtag frequency' command is executed.
10:21:17 INFO  : Sourcing of 'C:/Users/kmd17/Documents/GitHub/Embedded_Systems_lab3_CustomIP/SDK_workfolder/Cortex_A9_wrapper_hw_platform_0/ps7_init.tcl' is done.
10:21:17 INFO  : Context for 'APU' is selected.
10:21:17 INFO  : Hardware design information is loaded from 'C:/Users/kmd17/Documents/GitHub/Embedded_Systems_lab3_CustomIP/SDK_workfolder/Cortex_A9_wrapper_hw_platform_0/system.hdf'.
10:21:18 INFO  : Context for 'APU' is selected.
10:21:20 INFO  : 'stop' command is executed.
10:22:54 INFO  : 'ps7_init' command is executed.
10:22:54 INFO  : 'ps7_post_config' command is executed.
10:22:54 INFO  : Context for processor 'ps7_cortexa9_0' is selected.
10:22:56 INFO  : Processor reset is completed for 'ps7_cortexa9_0'.
10:22:56 INFO  : Context for processor 'ps7_cortexa9_0' is selected.
10:22:56 INFO  : The application 'C:/Users/kmd17/Documents/GitHub/Embedded_Systems_lab3_CustomIP/SDK_workfolder/lab3_Custom_Ip/Debug/lab3_Custom_Ip.elf' is downloaded to processor 'ps7_cortexa9_0'.
10:22:56 INFO  : ----------------XSDB Script----------------
connect -url tcp:127.0.0.1:3121
source C:/Users/kmd17/Documents/GitHub/Embedded_Systems_lab3_CustomIP/SDK_workfolder/Cortex_A9_wrapper_hw_platform_0/ps7_init.tcl
targets -set -nocase -filter {name =~"APU*" && jtag_cable_name =~ "Digilent Zed 210248650939"} -index 0
loadhw C:/Users/kmd17/Documents/GitHub/Embedded_Systems_lab3_CustomIP/SDK_workfolder/Cortex_A9_wrapper_hw_platform_0/system.hdf
targets -set -nocase -filter {name =~"APU*" && jtag_cable_name =~ "Digilent Zed 210248650939"} -index 0
stop
ps7_init
ps7_post_config
targets -set -nocase -filter {name =~ "ARM*#0" && jtag_cable_name =~ "Digilent Zed 210248650939"} -index 0
rst -processor
targets -set -nocase -filter {name =~ "ARM*#0" && jtag_cable_name =~ "Digilent Zed 210248650939"} -index 0
dow C:/Users/kmd17/Documents/GitHub/Embedded_Systems_lab3_CustomIP/SDK_workfolder/lab3_Custom_Ip/Debug/lab3_Custom_Ip.elf
----------------End of Script----------------

10:22:56 INFO  : Memory regions updated for context APU
10:22:57 INFO  : Context for processor 'ps7_cortexa9_0' is selected.
10:22:57 INFO  : 'con' command is executed.
10:22:57 INFO  : ----------------XSDB Script (After Launch)----------------
targets -set -nocase -filter {name =~ "ARM*#0" && jtag_cable_name =~ "Digilent Zed 210248650939"} -index 0
con
----------------End of Script----------------

10:22:57 INFO  : Launch script is exported to file 'C:\Users\kmd17\Documents\GitHub\Embedded_Systems_lab3_CustomIP\SDK_workfolder\.sdk\launch_scripts\xilinx_c-c++_application_(system_debugger)\system_debugger_using_debug_lab3_custom_ip.elf_on_local.tcl'
10:32:07 INFO  : SDK has detected change in the last modified timestamps for source hardware specification file Source:1490859079697,  Project:1490857453389
10:32:07 INFO  : Project Cortex_A9_wrapper_hw_platform_0's source hardware specification located at C:\Users\kmd17\Documents\GitHub\Embedded_Systems_lab3_CustomIP\CustomIP.sdk\Cortex_A9_wrapper.hdf is now different from the local copy.
		 The local copy will be replaced with the source specification and your workspace will be updated.
10:32:28 INFO  : Copied contents of C:\Users\kmd17\Documents\GitHub\Embedded_Systems_lab3_CustomIP\CustomIP.sdk\Cortex_A9_wrapper.hdf into \Cortex_A9_wrapper_hw_platform_0\system.hdf.
10:32:33 INFO  : Synchronizing projects in the workspace with the hardware platform specification changes.
10:32:38 INFO  : 
10:32:39 INFO  : Updating hardware inferred compiler options for lab3_Custom_Ip.
10:32:39 INFO  : Clearing existing target manager status.
10:32:39 INFO  : Closing and re-opening the MSS file of ther project lab3_Custom_Ip_bsp
10:32:40 INFO  : Closing and re-opening the MSS file of ther project lab3_Custom_Ip_bsp
10:32:40 INFO  : Closing and re-opening the MSS file of ther project lab3_Custom_Ip_bsp
10:32:40 INFO  : Workspace synchronized with the new hardware specification file. Cleaning dependent projects...
10:32:41 WARN  : Linker script will not be updated automatically. Users need to update it manually.
10:33:12 INFO  : Disconnected from the channel tcfchan#2.
10:33:14 INFO  : 'targets -set -filter {jtag_cable_name =~ "Digilent Zed 210248650939" && level==0} -index 1' command is executed.
10:33:14 INFO  : 'fpga -state' command is executed.
10:33:14 INFO  : Connected to target on host '127.0.0.1' and port '3121'.
10:33:14 INFO  : Jtag cable 'Digilent Zed 210248650939' is selected.
10:33:14 INFO  : 'jtag frequency' command is executed.
10:33:14 INFO  : Sourcing of 'C:/Users/kmd17/Documents/GitHub/Embedded_Systems_lab3_CustomIP/SDK_workfolder/Cortex_A9_wrapper_hw_platform_0/ps7_init.tcl' is done.
10:33:15 INFO  : Context for 'APU' is selected.
10:33:16 INFO  : Hardware design information is loaded from 'C:/Users/kmd17/Documents/GitHub/Embedded_Systems_lab3_CustomIP/SDK_workfolder/Cortex_A9_wrapper_hw_platform_0/system.hdf'.
10:33:16 INFO  : Context for 'APU' is selected.
10:33:16 INFO  : 'stop' command is executed.
10:33:56 INFO  : 'ps7_init' command is executed.
10:33:56 INFO  : 'ps7_post_config' command is executed.
10:33:56 INFO  : Context for processor 'ps7_cortexa9_0' is selected.
10:33:59 INFO  : Processor reset is completed for 'ps7_cortexa9_0'.
10:34:00 INFO  : Context for processor 'ps7_cortexa9_0' is selected.
10:34:07 INFO  : The application 'C:/Users/kmd17/Documents/GitHub/Embedded_Systems_lab3_CustomIP/SDK_workfolder/lab3_Custom_Ip/Debug/lab3_Custom_Ip.elf' is downloaded to processor 'ps7_cortexa9_0'.
10:34:07 INFO  : ----------------XSDB Script----------------
connect -url tcp:127.0.0.1:3121
source C:/Users/kmd17/Documents/GitHub/Embedded_Systems_lab3_CustomIP/SDK_workfolder/Cortex_A9_wrapper_hw_platform_0/ps7_init.tcl
targets -set -nocase -filter {name =~"APU*" && jtag_cable_name =~ "Digilent Zed 210248650939"} -index 0
loadhw C:/Users/kmd17/Documents/GitHub/Embedded_Systems_lab3_CustomIP/SDK_workfolder/Cortex_A9_wrapper_hw_platform_0/system.hdf
targets -set -nocase -filter {name =~"APU*" && jtag_cable_name =~ "Digilent Zed 210248650939"} -index 0
stop
ps7_init
ps7_post_config
targets -set -nocase -filter {name =~ "ARM*#0" && jtag_cable_name =~ "Digilent Zed 210248650939"} -index 0
rst -processor
targets -set -nocase -filter {name =~ "ARM*#0" && jtag_cable_name =~ "Digilent Zed 210248650939"} -index 0
dow C:/Users/kmd17/Documents/GitHub/Embedded_Systems_lab3_CustomIP/SDK_workfolder/lab3_Custom_Ip/Debug/lab3_Custom_Ip.elf
----------------End of Script----------------

10:34:07 INFO  : Memory regions updated for context APU
10:34:08 INFO  : Context for processor 'ps7_cortexa9_0' is selected.
10:34:08 INFO  : 'con' command is executed.
10:34:08 INFO  : ----------------XSDB Script (After Launch)----------------
targets -set -nocase -filter {name =~ "ARM*#0" && jtag_cable_name =~ "Digilent Zed 210248650939"} -index 0
con
----------------End of Script----------------

10:34:08 INFO  : Launch script is exported to file 'C:\Users\kmd17\Documents\GitHub\Embedded_Systems_lab3_CustomIP\SDK_workfolder\.sdk\launch_scripts\xilinx_c-c++_application_(system_debugger)\system_debugger_using_debug_lab3_custom_ip.elf_on_local.tcl'
10:40:48 INFO  : Connected to target on host '127.0.0.1' and port '3121'.
10:40:48 INFO  : 'targets -set -filter {jtag_cable_name =~ "Digilent Zed 210248650939" && level==0} -index 1' command is executed.
10:40:52 INFO  : FPGA configured successfully with bitstream "C:/Users/kmd17/Documents/GitHub/Embedded_Systems_lab3_CustomIP/SDK_workfolder/Cortex_A9_wrapper_hw_platform_0/Cortex_A9_wrapper.bit"
10:42:00 INFO  : Connected to target on host '127.0.0.1' and port '3121'.
10:42:01 INFO  : 'targets -set -filter {jtag_cable_name =~ "Digilent Zed 210248650939" && level==0} -index 1' command is executed.
10:42:04 INFO  : FPGA configured successfully with bitstream "C:/Users/kmd17/Documents/GitHub/Embedded_Systems_lab3_CustomIP/SDK_workfolder/Cortex_A9_wrapper_hw_platform_0/Cortex_A9_wrapper.bit"
10:42:12 INFO  : Disconnected from the channel tcfchan#3.
10:42:13 INFO  : 'targets -set -filter {jtag_cable_name =~ "Digilent Zed 210248650939" && level==0} -index 1' command is executed.
10:42:13 INFO  : 'fpga -state' command is executed.
10:42:13 INFO  : Connected to target on host '127.0.0.1' and port '3121'.
10:42:14 INFO  : Jtag cable 'Digilent Zed 210248650939' is selected.
10:42:14 INFO  : 'jtag frequency' command is executed.
10:42:14 INFO  : Sourcing of 'C:/Users/kmd17/Documents/GitHub/Embedded_Systems_lab3_CustomIP/SDK_workfolder/Cortex_A9_wrapper_hw_platform_0/ps7_init.tcl' is done.
10:42:14 INFO  : Context for 'APU' is selected.
10:42:14 INFO  : Hardware design information is loaded from 'C:/Users/kmd17/Documents/GitHub/Embedded_Systems_lab3_CustomIP/SDK_workfolder/Cortex_A9_wrapper_hw_platform_0/system.hdf'.
10:42:17 ERROR : no targets found with "name =~"APU*" && jtag_cable_name =~ "Digilent Zed 210248650939"". available targets: none
10:42:17 INFO  : ----------------XSDB Script----------------
connect -url tcp:127.0.0.1:3121
source C:/Users/kmd17/Documents/GitHub/Embedded_Systems_lab3_CustomIP/SDK_workfolder/Cortex_A9_wrapper_hw_platform_0/ps7_init.tcl
targets -set -nocase -filter {name =~"APU*" && jtag_cable_name =~ "Digilent Zed 210248650939"} -index 0
loadhw C:/Users/kmd17/Documents/GitHub/Embedded_Systems_lab3_CustomIP/SDK_workfolder/Cortex_A9_wrapper_hw_platform_0/system.hdf
targets -set -nocase -filter {name =~"APU*" && jtag_cable_name =~ "Digilent Zed 210248650939"} -index 0
----------------End of Script----------------

10:43:11 INFO  : Connected to target on host '127.0.0.1' and port '3121'.
10:43:13 INFO  : 'targets -set -filter {jtag_cable_name =~ "Digilent Zed 210248650939" && level==0} -index 1' command is executed.
10:43:17 INFO  : FPGA configured successfully with bitstream "C:/Users/kmd17/Documents/GitHub/Embedded_Systems_lab3_CustomIP/SDK_workfolder/Cortex_A9_wrapper_hw_platform_0/Cortex_A9_wrapper.bit"
10:43:39 INFO  : Connected to target on host '127.0.0.1' and port '3121'.
10:43:44 INFO  : 'targets -set -filter {jtag_cable_name =~ "Digilent Zed 210248650939" && level==0} -index 1' command is executed.
10:43:54 INFO  : FPGA configured successfully with bitstream "C:/Users/kmd17/Documents/GitHub/Embedded_Systems_lab3_CustomIP/SDK_workfolder/Cortex_A9_wrapper_hw_platform_0/Cortex_A9_wrapper.bit"
10:43:58 INFO  : 'targets -set -filter {jtag_cable_name =~ "Digilent Zed 210248650939" && level==0} -index 1' command is executed.
10:44:00 INFO  : 'fpga -state' command is executed.
10:44:00 INFO  : Connected to target on host '127.0.0.1' and port '3121'.
10:44:02 INFO  : Jtag cable 'Digilent Zed 210248650939' is selected.
10:44:02 INFO  : 'jtag frequency' command is executed.
10:44:02 INFO  : Sourcing of 'C:/Users/kmd17/Documents/GitHub/Embedded_Systems_lab3_CustomIP/SDK_workfolder/Cortex_A9_wrapper_hw_platform_0/ps7_init.tcl' is done.
10:44:02 INFO  : Context for 'APU' is selected.
10:44:04 INFO  : Hardware design information is loaded from 'C:/Users/kmd17/Documents/GitHub/Embedded_Systems_lab3_CustomIP/SDK_workfolder/Cortex_A9_wrapper_hw_platform_0/system.hdf'.
10:44:05 INFO  : Context for 'APU' is selected.
10:44:10 INFO  : 'stop' command is executed.
10:45:16 INFO  : 'ps7_init' command is executed.
10:45:16 INFO  : 'ps7_post_config' command is executed.
10:45:16 INFO  : 'targets -set -filter {jtag_cable_name =~ "Digilent Zed 210248650939" && level==0} -index 1' command is executed.
10:45:16 INFO  : Context for processor 'ps7_cortexa9_0' is selected.
10:45:17 INFO  : 'fpga -state' command is executed.
10:45:24 INFO  : Processor reset is completed for 'ps7_cortexa9_0'.
10:45:24 INFO  : Connected to target on host '127.0.0.1' and port '3121'.
10:45:24 INFO  : Context for processor 'ps7_cortexa9_0' is selected.
10:45:28 INFO  : The application 'C:/Users/kmd17/Documents/GitHub/Embedded_Systems_lab3_CustomIP/SDK_workfolder/lab3_Custom_Ip/Debug/lab3_Custom_Ip.elf' is downloaded to processor 'ps7_cortexa9_0'.
10:45:28 INFO  : ----------------XSDB Script----------------
connect -url tcp:127.0.0.1:3121
source C:/Users/kmd17/Documents/GitHub/Embedded_Systems_lab3_CustomIP/SDK_workfolder/Cortex_A9_wrapper_hw_platform_0/ps7_init.tcl
targets -set -nocase -filter {name =~"APU*" && jtag_cable_name =~ "Digilent Zed 210248650939"} -index 0
loadhw C:/Users/kmd17/Documents/GitHub/Embedded_Systems_lab3_CustomIP/SDK_workfolder/Cortex_A9_wrapper_hw_platform_0/system.hdf
targets -set -nocase -filter {name =~"APU*" && jtag_cable_name =~ "Digilent Zed 210248650939"} -index 0
stop
ps7_init
ps7_post_config
targets -set -nocase -filter {name =~ "ARM*#0" && jtag_cable_name =~ "Digilent Zed 210248650939"} -index 0
rst -processor
targets -set -nocase -filter {name =~ "ARM*#0" && jtag_cable_name =~ "Digilent Zed 210248650939"} -index 0
dow C:/Users/kmd17/Documents/GitHub/Embedded_Systems_lab3_CustomIP/SDK_workfolder/lab3_Custom_Ip/Debug/lab3_Custom_Ip.elf
----------------End of Script----------------

10:45:28 INFO  : Memory regions updated for context APU
10:45:28 INFO  : Context for processor 'ps7_cortexa9_0' is selected.
10:45:29 INFO  : 'con' command is executed.
10:45:29 INFO  : ----------------XSDB Script (After Launch)----------------
targets -set -nocase -filter {name =~ "ARM*#0" && jtag_cable_name =~ "Digilent Zed 210248650939"} -index 0
con
----------------End of Script----------------

10:45:29 INFO  : Launch script is exported to file 'C:\Users\kmd17\Documents\GitHub\Embedded_Systems_lab3_CustomIP\SDK_workfolder\.sdk\launch_scripts\xilinx_c-c++_application_(system_debugger)\system_debugger_using_debug_lab3_custom_ip.elf_on_local.tcl'
10:45:29 INFO  : Jtag cable 'Digilent Zed 210248650939' is selected.
10:45:33 INFO  : 'jtag frequency' command is executed.
10:45:33 INFO  : Sourcing of 'C:/Users/kmd17/Documents/GitHub/Embedded_Systems_lab3_CustomIP/SDK_workfolder/Cortex_A9_wrapper_hw_platform_0/ps7_init.tcl' is done.
10:45:33 INFO  : Context for 'APU' is selected.
10:45:33 INFO  : Hardware design information is loaded from 'C:/Users/kmd17/Documents/GitHub/Embedded_Systems_lab3_CustomIP/SDK_workfolder/Cortex_A9_wrapper_hw_platform_0/system.hdf'.
10:45:34 INFO  : Context for 'APU' is selected.
10:45:36 INFO  : 'stop' command is executed.
10:46:16 INFO  : 'ps7_init' command is executed.
10:46:16 INFO  : 'ps7_post_config' command is executed.
10:46:16 INFO  : Context for processor 'ps7_cortexa9_0' is selected.
10:46:16 INFO  : Processor reset is completed for 'ps7_cortexa9_0'.
10:46:16 INFO  : Context for processor 'ps7_cortexa9_0' is selected.
10:46:16 INFO  : The application 'C:/Users/kmd17/Documents/GitHub/Embedded_Systems_lab3_CustomIP/SDK_workfolder/lab3_Custom_Ip/Debug/lab3_Custom_Ip.elf' is downloaded to processor 'ps7_cortexa9_0'.
10:46:16 INFO  : ----------------XSDB Script----------------
connect -url tcp:127.0.0.1:3121
source C:/Users/kmd17/Documents/GitHub/Embedded_Systems_lab3_CustomIP/SDK_workfolder/Cortex_A9_wrapper_hw_platform_0/ps7_init.tcl
targets -set -nocase -filter {name =~"APU*" && jtag_cable_name =~ "Digilent Zed 210248650939"} -index 0
loadhw C:/Users/kmd17/Documents/GitHub/Embedded_Systems_lab3_CustomIP/SDK_workfolder/Cortex_A9_wrapper_hw_platform_0/system.hdf
targets -set -nocase -filter {name =~"APU*" && jtag_cable_name =~ "Digilent Zed 210248650939"} -index 0
stop
ps7_init
ps7_post_config
targets -set -nocase -filter {name =~ "ARM*#0" && jtag_cable_name =~ "Digilent Zed 210248650939"} -index 0
rst -processor
targets -set -nocase -filter {name =~ "ARM*#0" && jtag_cable_name =~ "Digilent Zed 210248650939"} -index 0
dow C:/Users/kmd17/Documents/GitHub/Embedded_Systems_lab3_CustomIP/SDK_workfolder/lab3_Custom_Ip/Debug/lab3_Custom_Ip.elf
----------------End of Script----------------

10:46:17 INFO  : Memory regions updated for context APU
10:46:17 INFO  : Context for processor 'ps7_cortexa9_0' is selected.
10:46:17 INFO  : 'con' command is executed.
10:46:17 INFO  : ----------------XSDB Script (After Launch)----------------
targets -set -nocase -filter {name =~ "ARM*#0" && jtag_cable_name =~ "Digilent Zed 210248650939"} -index 0
con
----------------End of Script----------------

10:46:17 INFO  : Launch script is exported to file 'C:\Users\kmd17\Documents\GitHub\Embedded_Systems_lab3_CustomIP\SDK_workfolder\.sdk\launch_scripts\xilinx_c-c++_application_(system_debugger)\system_debugger_using_debug_lab3_custom_ip.elf_on_local.tcl'
11:17:52 INFO  : Connected to target on host '127.0.0.1' and port '3121'.
11:17:52 INFO  : 'targets -set -filter {jtag_cable_name =~ "Digilent Zed 210248650939" && level==0} -index 1' command is executed.
11:18:03 INFO  : FPGA configured successfully with bitstream "C:/Users/kmd17/Documents/GitHub/Embedded_Systems_lab3_CustomIP/SDK_workfolder/Cortex_A9_wrapper_hw_platform_0/Cortex_A9_wrapper.bit"
11:18:10 INFO  : Disconnected from the channel tcfchan#4.
11:18:15 INFO  : 'targets -set -filter {jtag_cable_name =~ "Digilent Zed 210248650939" && level==0} -index 1' command is executed.
11:18:18 INFO  : 'fpga -state' command is executed.
11:18:18 INFO  : Connected to target on host '127.0.0.1' and port '3121'.
11:18:20 INFO  : Jtag cable 'Digilent Zed 210248650939' is selected.
11:18:21 INFO  : 'jtag frequency' command is executed.
11:18:21 INFO  : Sourcing of 'C:/Users/kmd17/Documents/GitHub/Embedded_Systems_lab3_CustomIP/SDK_workfolder/Cortex_A9_wrapper_hw_platform_0/ps7_init.tcl' is done.
11:18:22 INFO  : Context for 'APU' is selected.
11:18:22 INFO  : Hardware design information is loaded from 'C:/Users/kmd17/Documents/GitHub/Embedded_Systems_lab3_CustomIP/SDK_workfolder/Cortex_A9_wrapper_hw_platform_0/system.hdf'.
11:18:22 INFO  : Context for 'APU' is selected.
11:18:24 INFO  : 'stop' command is executed.
11:18:59 INFO  : 'ps7_init' command is executed.
11:19:00 INFO  : 'ps7_post_config' command is executed.
11:19:00 INFO  : Context for processor 'ps7_cortexa9_0' is selected.
11:19:00 INFO  : Processor reset is completed for 'ps7_cortexa9_0'.
11:19:00 INFO  : Context for processor 'ps7_cortexa9_0' is selected.
11:19:03 ERROR : Memory write error at 0x100000. AP transaction timeout
11:19:03 INFO  : ----------------XSDB Script----------------
connect -url tcp:127.0.0.1:3121
source C:/Users/kmd17/Documents/GitHub/Embedded_Systems_lab3_CustomIP/SDK_workfolder/Cortex_A9_wrapper_hw_platform_0/ps7_init.tcl
targets -set -nocase -filter {name =~"APU*" && jtag_cable_name =~ "Digilent Zed 210248650939"} -index 0
loadhw C:/Users/kmd17/Documents/GitHub/Embedded_Systems_lab3_CustomIP/SDK_workfolder/Cortex_A9_wrapper_hw_platform_0/system.hdf
targets -set -nocase -filter {name =~"APU*" && jtag_cable_name =~ "Digilent Zed 210248650939"} -index 0
stop
ps7_init
ps7_post_config
targets -set -nocase -filter {name =~ "ARM*#0" && jtag_cable_name =~ "Digilent Zed 210248650939"} -index 0
rst -processor
targets -set -nocase -filter {name =~ "ARM*#0" && jtag_cable_name =~ "Digilent Zed 210248650939"} -index 0
dow C:/Users/kmd17/Documents/GitHub/Embedded_Systems_lab3_CustomIP/SDK_workfolder/lab3_Custom_Ip/Debug/lab3_Custom_Ip.elf
----------------End of Script----------------

11:22:27 INFO  : Connected to target on host '127.0.0.1' and port '3121'.
11:22:27 INFO  : 'targets -set -filter {jtag_cable_name =~ "Digilent Zed 210248650939" && level==0} -index 1' command is executed.
11:22:27 ERROR : Cannot find memory context of target ARM_DAP
11:22:46 INFO  : Connected to target on host '127.0.0.1' and port '3121'.
11:22:46 INFO  : 'targets -set -filter {jtag_cable_name =~ "Digilent Zed 210248650939" && level==0} -index 1' command is executed.
11:22:47 ERROR : Cannot find memory context of target ARM_DAP
11:23:00 INFO  : Connected to target on host '127.0.0.1' and port '3121'.
11:23:01 INFO  : 'targets -set -filter {jtag_cable_name =~ "Digilent Zed 210248650939" && level==0} -index 1' command is executed.
11:23:01 ERROR : Cannot find memory context of target ARM_DAP
11:23:18 INFO  : Connected to target on host '127.0.0.1' and port '3121'.
11:23:20 INFO  : 'targets -set -filter {jtag_cable_name =~ "Digilent Zed 210248650939" && level==0} -index 1' command is executed.
11:23:22 INFO  : FPGA configured successfully with bitstream "C:/Users/kmd17/Documents/GitHub/Embedded_Systems_lab3_CustomIP/SDK_workfolder/Cortex_A9_wrapper_hw_platform_0/Cortex_A9_wrapper.bit"
11:23:28 INFO  : 'targets -set -filter {jtag_cable_name =~ "Digilent Zed 210248650939" && level==0} -index 1' command is executed.
11:23:28 INFO  : 'fpga -state' command is executed.
11:23:29 INFO  : Connected to target on host '127.0.0.1' and port '3121'.
11:23:29 INFO  : Jtag cable 'Digilent Zed 210248650939' is selected.
11:23:30 INFO  : 'jtag frequency' command is executed.
11:23:30 INFO  : Sourcing of 'C:/Users/kmd17/Documents/GitHub/Embedded_Systems_lab3_CustomIP/SDK_workfolder/Cortex_A9_wrapper_hw_platform_0/ps7_init.tcl' is done.
11:23:32 INFO  : Context for 'APU' is selected.
11:23:32 INFO  : Hardware design information is loaded from 'C:/Users/kmd17/Documents/GitHub/Embedded_Systems_lab3_CustomIP/SDK_workfolder/Cortex_A9_wrapper_hw_platform_0/system.hdf'.
11:23:32 INFO  : Context for 'APU' is selected.
11:23:33 INFO  : 'stop' command is executed.
11:23:48 INFO  : 'ps7_init' command is executed.
11:23:48 INFO  : 'ps7_post_config' command is executed.
11:23:48 INFO  : Context for processor 'ps7_cortexa9_0' is selected.
11:23:49 INFO  : Processor reset is completed for 'ps7_cortexa9_0'.
11:23:50 INFO  : Context for processor 'ps7_cortexa9_0' is selected.
11:23:52 INFO  : The application 'C:/Users/kmd17/Documents/GitHub/Embedded_Systems_lab3_CustomIP/SDK_workfolder/lab3_Custom_Ip/Debug/lab3_Custom_Ip.elf' is downloaded to processor 'ps7_cortexa9_0'.
11:23:52 INFO  : ----------------XSDB Script----------------
connect -url tcp:127.0.0.1:3121
source C:/Users/kmd17/Documents/GitHub/Embedded_Systems_lab3_CustomIP/SDK_workfolder/Cortex_A9_wrapper_hw_platform_0/ps7_init.tcl
targets -set -nocase -filter {name =~"APU*" && jtag_cable_name =~ "Digilent Zed 210248650939"} -index 0
loadhw C:/Users/kmd17/Documents/GitHub/Embedded_Systems_lab3_CustomIP/SDK_workfolder/Cortex_A9_wrapper_hw_platform_0/system.hdf
targets -set -nocase -filter {name =~"APU*" && jtag_cable_name =~ "Digilent Zed 210248650939"} -index 0
stop
ps7_init
ps7_post_config
targets -set -nocase -filter {name =~ "ARM*#0" && jtag_cable_name =~ "Digilent Zed 210248650939"} -index 0
rst -processor
targets -set -nocase -filter {name =~ "ARM*#0" && jtag_cable_name =~ "Digilent Zed 210248650939"} -index 0
dow C:/Users/kmd17/Documents/GitHub/Embedded_Systems_lab3_CustomIP/SDK_workfolder/lab3_Custom_Ip/Debug/lab3_Custom_Ip.elf
----------------End of Script----------------

11:23:52 INFO  : Memory regions updated for context APU
11:23:53 INFO  : Context for processor 'ps7_cortexa9_0' is selected.
11:23:53 INFO  : 'con' command is executed.
11:23:53 INFO  : ----------------XSDB Script (After Launch)----------------
targets -set -nocase -filter {name =~ "ARM*#0" && jtag_cable_name =~ "Digilent Zed 210248650939"} -index 0
con
----------------End of Script----------------

11:23:53 INFO  : Launch script is exported to file 'C:\Users\kmd17\Documents\GitHub\Embedded_Systems_lab3_CustomIP\SDK_workfolder\.sdk\launch_scripts\xilinx_c-c++_application_(system_debugger)\system_debugger_using_debug_lab3_custom_ip.elf_on_local.tcl'
11:24:33 INFO  : Disconnected from the channel tcfchan#5.
11:24:36 ERROR : Unexpected error while parsing XMD response ?: com.google.gson.JsonSyntaxException: com.google.gson.stream.MalformedJsonException: invalid number or unquoted string near 
